<?xml version="1.0" encoding="UTF-8"?>
<!-- Generated by org.testng.reporters.JUnitXMLReporter -->
<testsuite ignored="0" hostname="DESKTOP-GQBKCBI" failures="0" tests="3" name="Surefire test" time="91.047" errors="0" timestamp="2022-06-30T23:46:37 IST">
  <testcase classname="Tests.InitializeTest" name="LaunchBrowser" time="0.372"/>
  <testcase classname="Tests.MultipleTest" name="LoginChecking" time="25.131"/>
  <testcase classname="Tests.MultipleTest" name="LoginChecking" time="25.094"/>
</testsuite> <!-- Surefire test -->
