<?xml version="1.0" encoding="UTF-8"?>
<!-- Generated by org.testng.reporters.JUnitXMLReporter -->
<testsuite ignored="0" hostname="DESKTOP-GQBKCBI" failures="1" tests="1" name="Test" time="81.57" errors="0" timestamp="2022-06-30T18:25:19 IST">
  <testcase classname="Tests.InitializeTest" name="LaunchBrowser" time="2.367">
    <failure type="java.lang.AssertionError" message="expected [FEATURED COURSESv] but found [FEATURED COURSES]">
      <![CDATA[java.lang.AssertionError: expected [FEATURED COURSESv] but found [FEATURED COURSES]
at Tests.InitializeTest.LaunchBrowser(InitializeTest.java:33)
at java.base/java.util.ArrayList.forEach(ArrayList.java:1511)
at java.base/java.util.concurrent.FutureTask.run(FutureTask.java:264)
at java.base/java.util.concurrent.ThreadPoolExecutor.runWorker(ThreadPoolExecutor.java:1130)
at java.base/java.util.concurrent.ThreadPoolExecutor$Worker.run(ThreadPoolExecutor.java:630)
at java.base/java.lang.Thread.run(Thread.java:831)
... Removed 23 stack frames]]>
    </failure>
  </testcase> <!-- LaunchBrowser -->
</testsuite> <!-- Test -->
