<?xml version="1.0" encoding="UTF-8"?>
<testng-results ignored="0" total="3" passed="3" failed="0" skipped="0">
  <reporter-output>
  </reporter-output>
  <suite started-at="2022-06-30T23:45:06 IST" name="Surefire suite" finished-at="2022-06-30T23:46:37 IST" duration-ms="91047">
    <groups>
    </groups>
    <test started-at="2022-06-30T23:45:06 IST" name="Surefire test" finished-at="2022-06-30T23:46:37 IST" duration-ms="91047">
      <class name="Tests.MultipleTest">
        <test-method is-config="true" signature="browserLaunch()[pri:0, instance:Tests.MultipleTest@6c8bca63]" started-at="2022-06-30T23:45:40 IST" name="browserLaunch" finished-at="2022-06-30T23:45:43 IST" duration-ms="2916" status="PASS">
          <reporter-output>
          </reporter-output>
        </test-method> <!-- browserLaunch -->
        <test-method signature="LoginChecking(java.lang.String,java.lang.String,java.lang.String)[pri:0, instance:Tests.MultipleTest@6c8bca63]" started-at="2022-06-30T23:45:43 IST" name="LoginChecking" data-provider="getData" finished-at="2022-06-30T23:46:09 IST" duration-ms="25131" status="PASS">
          <params>
            <param index="0">
              <value>
                <![CDATA[abc@gmail.com]]>
              </value>
            </param>
            <param index="1">
              <value>
                <![CDATA[Password1]]>
              </value>
            </param>
            <param index="2">
              <value>
                <![CDATA[First credential entered]]>
              </value>
            </param>
          </params>
          <reporter-output>
          </reporter-output>
        </test-method> <!-- LoginChecking -->
        <test-method signature="LoginChecking(java.lang.String,java.lang.String,java.lang.String)[pri:0, instance:Tests.MultipleTest@6c8bca63]" started-at="2022-06-30T23:46:09 IST" name="LoginChecking" data-provider="getData" finished-at="2022-06-30T23:46:34 IST" duration-ms="25094" status="PASS">
          <params>
            <param index="0">
              <value>
                <![CDATA[def@gmail.com]]>
              </value>
            </param>
            <param index="1">
              <value>
                <![CDATA[Password2]]>
              </value>
            </param>
            <param index="2">
              <value>
                <![CDATA[Second credential entered]]>
              </value>
            </param>
          </params>
          <reporter-output>
          </reporter-output>
        </test-method> <!-- LoginChecking -->
        <test-method is-config="true" signature="tearDown()[pri:0, instance:Tests.MultipleTest@6c8bca63]" started-at="2022-06-30T23:46:35 IST" name="tearDown" finished-at="2022-06-30T23:46:37 IST" duration-ms="1448" status="PASS">
          <reporter-output>
          </reporter-output>
        </test-method> <!-- tearDown -->
      </class> <!-- Tests.MultipleTest -->
      <class name="Tests.InitializeTest">
        <test-method is-config="true" signature="browserLaunch()[pri:0, instance:Tests.InitializeTest@1da2cb77]" started-at="2022-06-30T23:45:06 IST" name="browserLaunch" finished-at="2022-06-30T23:45:40 IST" duration-ms="34007" status="PASS">
          <reporter-output>
          </reporter-output>
        </test-method> <!-- browserLaunch -->
        <test-method signature="LaunchBrowser()[pri:0, instance:Tests.InitializeTest@1da2cb77]" started-at="2022-06-30T23:45:43 IST" name="LaunchBrowser" finished-at="2022-06-30T23:45:43 IST" duration-ms="372" status="PASS">
          <reporter-output>
          </reporter-output>
        </test-method> <!-- LaunchBrowser -->
        <test-method is-config="true" signature="tearDown()[pri:0, instance:Tests.InitializeTest@1da2cb77]" started-at="2022-06-30T23:46:34 IST" name="tearDown" finished-at="2022-06-30T23:46:35 IST" duration-ms="1646" status="PASS">
          <reporter-output>
          </reporter-output>
        </test-method> <!-- tearDown -->
      </class> <!-- Tests.InitializeTest -->
    </test> <!-- Surefire test -->
  </suite> <!-- Surefire suite -->
</testng-results>
